<?xml version="1.0" encoding="UTF-8"?>
<!-- Generated by org.testng.reporters.JUnitReportReporter -->
<testsuite skipped="0" hostname="ASDP1510_PO01976" name="com.qa.TestRunner.TestRunner_BasicCourse" tests="1" failures="0" timestamp="12 Jul 2019 05:59:52 GMT" time="13.489" errors="0">
  <testcase name="runScenario" time="13.489" classname="com.qa.TestRunner.TestRunner_BasicCourse"/>
</testsuite> <!-- com.qa.TestRunner.TestRunner_BasicCourse -->
